TN:
SF:/Users/user/Sites/uport-proxy/originalContracts/IdentityFactory.sol
FN:14,CreateProxyWithControllerAndRecovery
FNF:1
FNH:1
FNDA:4,CreateProxyWithControllerAndRecovery
DA:15,4
DA:16,4
DA:17,4
DA:18,4
DA:19,4
DA:21,4
DA:22,4
LF:7
LH:7
BRF:0
BRH:0
end_of_record
TN:
SF:/Users/user/Sites/uport-proxy/originalContracts/IdentityFactoryWithRecoveryKey.sol
FN:14,CreateProxyWithControllerAndRecoveryKey
FNF:1
FNH:1
FNDA:1,CreateProxyWithControllerAndRecoveryKey
DA:15,1
DA:16,1
DA:17,1
DA:18,1
DA:20,1
DA:21,1
LF:6
LH:6
BRF:0
BRH:0
end_of_record
TN:
SF:/Users/user/Sites/uport-proxy/originalContracts/Lib1.sol
FN:3,findAddress
FN:9,removeAddress
FNF:2
FNH:1
FNDA:0,findAddress
FNDA:10,removeAddress
DA:4,0
DA:5,0
DA:7,0
DA:10,10
DA:11,10
DA:12,10
DA:13,10
LF:7
LH:4
BRDA:5,1,0,0
BRDA:5,1,1,0
BRF:2
BRH:0
end_of_record
TN:
SF:/Users/user/Sites/uport-proxy/originalContracts/MetaTxController.sol
FN:10,only
FN:12,MetaTxController
FN:19,sendTx
FN:30,updateUserKey
FN:34,updateAdminKey
FN:38,transferOwnership
FNF:6
FNH:0
FNDA:0,only
FNDA:0,MetaTxController
FNDA:0,sendTx
FNDA:0,updateUserKey
FNDA:0,updateAdminKey
FNDA:0,transferOwnership
DA:13,0
DA:14,0
DA:15,0
DA:16,0
DA:21,0
DA:22,0
DA:24,0
DA:25,0
DA:26,0
DA:31,0
DA:35,0
DA:42,0
DA:43,0
LF:13
LH:0
BRDA:10,1,0,0
BRDA:10,1,1,0
BRDA:24,2,0,0
BRDA:24,2,1,0
BRF:4
BRH:0
end_of_record
TN:
SF:/Users/user/Sites/uport-proxy/originalContracts/Owned.sol
FN:5,onlyOwner
FN:6,ifOwner
FN:8,Owned
FN:12,isOwner
FN:14,transfer
FNF:5
FNH:0
FNDA:0,onlyOwner
FNDA:0,ifOwner
FNDA:0,Owned
FNDA:0,isOwner
FNDA:0,transfer
DA:9,0
DA:15,0
LF:2
LH:0
BRDA:5,1,0,0
BRDA:5,1,1,0
BRDA:6,2,0,0
BRDA:6,2,1,0
BRF:4
BRH:0
end_of_record
TN:
SF:/Users/user/Sites/uport-proxy/originalContracts/Proxy.sol
FN:17,
FN:21,forward
FN:33,onlyOwner
FN:34,ifOwner
FN:36,Proxy
FN:40,isOwner
FN:42,transfer
FNF:7
FNH:6
FNDA:2,
FNDA:7,forward
FNDA:20,onlyOwner
FNDA:0,ifOwner
FNDA:10,Proxy
FNDA:20,isOwner
FNDA:12,transfer
DA:18,2
DA:26,7
DA:27,1
DA:29,6
DA:37,10
DA:43,12
LF:6
LH:6
BRDA:26,1,0,1
BRDA:26,1,1,6
BRDA:33,2,0,19
BRDA:33,2,1,1
BRDA:34,3,0,0
BRDA:34,3,1,0
BRF:6
BRH:4
end_of_record
TN:
SF:/Users/user/Sites/uport-proxy/originalContracts/RecoverableController.sol
FN:24,onlyUserKey
FN:25,onlyRecoveryKey
FN:27,RecoverableController
FN:36,forward
FN:40,signRecoveryChange
FN:45,changeRecovery
FN:52,signControllerChange
FN:57,changeController
FN:64,signUserKeyChange
FN:69,changeUserKey
FN:77,changeRecoveryFromRecovery
FN:78,changeUserKeyFromRecovery
FNF:12
FNH:12
FNDA:11,onlyUserKey
FNDA:22,onlyRecoveryKey
FNDA:12,RecoverableController
FNDA:4,forward
FNDA:1,signRecoveryChange
FNDA:2,changeRecovery
FNDA:1,signControllerChange
FNDA:2,changeController
FNDA:1,signUserKeyChange
FNDA:2,changeUserKey
FNDA:12,changeRecoveryFromRecovery
FNDA:7,changeUserKeyFromRecovery
DA:28,12
DA:29,12
DA:30,12
DA:31,12
DA:32,12
DA:33,12
DA:37,4
DA:41,1
DA:42,1
DA:43,1
DA:46,2
DA:47,1
DA:48,1
DA:53,1
DA:54,1
DA:55,1
DA:58,2
DA:59,1
DA:60,1
DA:65,1
DA:66,1
DA:67,1
DA:70,2
DA:71,1
DA:72,1
DA:73,1
DA:79,7
DA:80,7
LF:28
LH:28
BRDA:24,1,0,7
BRDA:24,1,1,4
BRDA:25,2,0,19
BRDA:25,2,1,3
BRDA:46,3,0,1
BRDA:46,3,1,1
BRDA:58,4,0,1
BRDA:58,4,1,1
BRDA:70,5,0,1
BRDA:70,5,1,1
BRF:10
BRH:10
end_of_record
TN:
SF:/Users/user/Sites/uport-proxy/originalContracts/RecoveryQuorum.sol
FN:18,onlyUserKey
FN:20,RecoveryQuorum
FN:27,signUserChange
FN:34,changeUserKey
FN:47,replaceDelegates
FN:57,collectedSignatures
FN:65,getAddresses
FN:67,neededSignatures
FN:74,addDelegate
FN:80,removeDelegate
FN:91,garbageCollect
FN:102,delegateRecordExists
FN:105,delegateIsDeleted
FN:108,delegateIsCurrent
FN:111,delegateHasValidSignature
FNF:15
FNH:15
FNDA:17,onlyUserKey
FNDA:10,RecoveryQuorum
FNDA:50,signUserChange
FNDA:52,changeUserKey
FNDA:16,replaceDelegates
FNDA:71,collectedSignatures
FNDA:14,getAddresses
FNDA:52,neededSignatures
FNDA:45,addDelegate
FNDA:11,removeDelegate
FNDA:16,garbageCollect
FNDA:1287,delegateRecordExists
FNDA:1258,delegateIsDeleted
FNDA:1192,delegateIsCurrent
FNDA:638,delegateHasValidSignature
DA:21,10
DA:22,10
DA:23,40
DA:24,40
DA:28,50
DA:29,48
DA:30,48
DA:31,48
DA:35,52
DA:36,6
DA:37,6
DA:39,45
DA:40,14
DA:42,45
DA:48,16
DA:49,11
DA:51,16
DA:52,16
DA:53,45
DA:55,16
DA:58,71
DA:59,638
DA:60,82
DA:69,52
DA:70,554
DA:72,52
DA:75,45
DA:76,39
DA:77,39
DA:81,11
DA:83,11
DA:84,4
DA:86,7
DA:92,16
DA:93,16
DA:94,66
DA:95,10
DA:96,10
DA:97,10
DA:98,10
DA:103,1287
DA:109,1192
DA:112,638
LF:43
LH:43
BRDA:18,1,0,16
BRDA:18,1,1,1
BRDA:28,2,0,48
BRDA:28,2,1,2
BRDA:35,3,0,6
BRDA:35,3,1,46
BRDA:39,4,0,14
BRDA:39,4,1,31
BRDA:59,5,0,82
BRDA:59,5,1,556
BRDA:70,6,0,324
BRDA:70,6,1,230
BRDA:75,7,0,39
BRDA:75,7,1,6
BRDA:81,8,0,11
BRDA:81,8,1,0
BRDA:83,9,0,4
BRDA:83,9,1,7
BRDA:94,10,0,10
BRDA:94,10,1,56
BRF:20
BRH:19
end_of_record
TN:
SF:/Users/user/Sites/uport-proxy/originalContracts/TestRegistry.sol
FN:6,register
FN:10,testThrow
FNF:2
FNH:2
FNDA:6,register
FNDA:1,testThrow
DA:7,6
DA:11,1
LF:2
LH:2
BRF:0
BRH:0
end_of_record
